<?xml version="1.0" encoding="UTF-8"?>
<!-- Generated by org.testng.reporters.JUnitReportReporter -->
<testsuite hostname="DESKTOP-K7CVV0Q" failures="0" tests="6" name="testcases.Login_Test" time="16.245" errors="0" timestamp="30 Mar 2019 08:01:41 GMT">
  <testcase classname="testcases.Login_Test" name="Login_process" time="2.311"/>
  <testcase classname="testcases.Login_Test" name="Login_process" time="2.609"/>
  <testcase classname="testcases.Login_Test" name="Login_process" time="3.463"/>
  <testcase classname="testcases.Login_Test" name="Login_process" time="2.716"/>
  <testcase classname="testcases.Login_Test" name="Login_process" time="2.496"/>
  <testcase classname="testcases.Login_Test" name="Login_process" time="2.650"/>
</testsuite> <!-- testcases.Login_Test -->
