<?xml version="1.0" encoding="UTF-8"?>
<!-- Generated by org.testng.reporters.JUnitReportReporter -->
<testsuite hostname="DESKTOP-EA7R36R" name="testcases.Browser_URL_Launch" tests="2" failures="0" timestamp="3 Apr 2019 07:47:01 GMT" time="21.339" errors="0">
  <testcase name="Browser_Launch" time="8.927" classname="testcases.Browser_URL_Launch"/>
  <testcase name="urllaunch" time="12.412" classname="testcases.Browser_URL_Launch"/>
</testsuite> <!-- testcases.Browser_URL_Launch -->
