<?xml version="1.0" encoding="UTF-8"?>
<!-- Generated by org.testng.reporters.JUnitReportReporter -->
<testsuite hostname="DESKTOP-K7CVV0Q" failures="0" tests="2" name="others.Browser_URL_Launch" time="60.003" errors="0" timestamp="30 Mar 2019 07:23:40 GMT">
  <testcase classname="others.Browser_URL_Launch" name="urllaunch" time="35.815"/>
  <testcase classname="others.Browser_URL_Launch" name="Browser_Launch" time="24.188"/>
</testsuite> <!-- others.Browser_URL_Launch -->
